2025-08-29T17:28:06.410+09:00  INFO 14004 --- [MylabSpringBoot] [restartedMain] c.r.m.MylabSpringBootApplication         : Starting MylabSpringBootApplication using Java 17.0.2 with PID 14004 (C:\MyBackend\SpringBoot\MylabSpringBoot\target\classes started by user in C:\MyBackend\SpringBoot\MylabSpringBoot)
2025-08-29T17:28:06.410+09:00  INFO 14004 --- [MylabSpringBoot] [restartedMain] c.r.m.MylabSpringBootApplication         : The following 1 profile is active: "prod"
2025-08-29T17:28:06.463+09:00  INFO 14004 --- [MylabSpringBoot] [restartedMain] .e.DevToolsPropertyDefaultsPostProcessor : Devtools property defaults active! Set 'spring.devtools.add-properties' to 'false' to disable
2025-08-29T17:28:06.463+09:00  INFO 14004 --- [MylabSpringBoot] [restartedMain] .e.DevToolsPropertyDefaultsPostProcessor : For additional web related logging consider setting the 'logging.level.web' property to 'DEBUG'
2025-08-29T17:28:07.491+09:00  INFO 14004 --- [MylabSpringBoot] [restartedMain] .s.d.r.c.RepositoryConfigurationDelegate : Bootstrapping Spring Data JPA repositories in DEFAULT mode.
2025-08-29T17:28:07.547+09:00  INFO 14004 --- [MylabSpringBoot] [restartedMain] .s.d.r.c.RepositoryConfigurationDelegate : Finished Spring Data repository scanning in 41 ms. Found 3 JPA repository interfaces.
2025-08-29T17:28:08.208+09:00  INFO 14004 --- [MylabSpringBoot] [restartedMain] o.s.b.w.embedded.tomcat.TomcatWebServer  : Tomcat initialized with port 8080 (http)
2025-08-29T17:28:08.227+09:00  INFO 14004 --- [MylabSpringBoot] [restartedMain] o.apache.catalina.core.StandardService   : Starting service [Tomcat]
2025-08-29T17:28:08.227+09:00  INFO 14004 --- [MylabSpringBoot] [restartedMain] o.apache.catalina.core.StandardEngine    : Starting Servlet engine: [Apache Tomcat/10.1.43]
2025-08-29T17:28:08.278+09:00  INFO 14004 --- [MylabSpringBoot] [restartedMain] o.a.c.c.C.[Tomcat].[localhost].[/]       : Initializing Spring embedded WebApplicationContext
2025-08-29T17:28:08.278+09:00  INFO 14004 --- [MylabSpringBoot] [restartedMain] w.s.c.ServletWebServerApplicationContext : Root WebApplicationContext: initialization completed in 1811 ms
2025-08-29T17:28:08.592+09:00  INFO 14004 --- [MylabSpringBoot] [restartedMain] o.hibernate.jpa.internal.util.LogHelper  : HHH000204: Processing PersistenceUnitInfo [name: default]
2025-08-29T17:28:08.657+09:00  INFO 14004 --- [MylabSpringBoot] [restartedMain] org.hibernate.Version                    : HHH000412: Hibernate ORM core version 6.6.22.Final
2025-08-29T17:28:08.697+09:00  INFO 14004 --- [MylabSpringBoot] [restartedMain] o.h.c.internal.RegionFactoryInitiator    : HHH000026: Second-level cache disabled
2025-08-29T17:28:08.979+09:00  INFO 14004 --- [MylabSpringBoot] [restartedMain] o.s.o.j.p.SpringPersistenceUnitInfo      : No LoadTimeWeaver setup: ignoring JPA class transformer
2025-08-29T17:28:09.014+09:00  INFO 14004 --- [MylabSpringBoot] [restartedMain] com.zaxxer.hikari.HikariDataSource       : HikariPool-1 - Starting...
2025-08-29T17:28:09.092+09:00  INFO 14004 --- [MylabSpringBoot] [restartedMain] com.zaxxer.hikari.pool.HikariPool        : HikariPool-1 - Added connection org.mariadb.jdbc.Connection@518af2f1
2025-08-29T17:28:09.092+09:00  INFO 14004 --- [MylabSpringBoot] [restartedMain] com.zaxxer.hikari.HikariDataSource       : HikariPool-1 - Start completed.
2025-08-29T17:28:09.117+09:00  WARN 14004 --- [MylabSpringBoot] [restartedMain] org.hibernate.orm.deprecation            : HHH90000025: MariaDBDialect does not need to be specified explicitly using 'hibernate.dialect' (remove the property setting and it will be selected by default)
2025-08-29T17:28:09.129+09:00  INFO 14004 --- [MylabSpringBoot] [restartedMain] org.hibernate.orm.connections.pooling    : HHH10001005: Database info:
	Database JDBC URL [Connecting through datasource 'HikariDataSource (HikariPool-1)']
	Database driver: undefined/unknown
	Database version: 10.11.5
	Autocommit mode: undefined/unknown
	Isolation level: undefined/unknown
	Minimum pool size: undefined/unknown
	Maximum pool size: undefined/unknown
2025-08-29T17:28:09.795+09:00  INFO 14004 --- [MylabSpringBoot] [restartedMain] o.h.e.t.j.p.i.JtaPlatformInitiator       : HHH000489: No JTA platform available (set 'hibernate.transaction.jta.platform' to enable JTA platform integration)
2025-08-29T17:28:10.009+09:00  INFO 14004 --- [MylabSpringBoot] [restartedMain] j.LocalContainerEntityManagerFactoryBean : Initialized JPA EntityManagerFactory for persistence unit 'default'
2025-08-29T17:28:10.369+09:00  WARN 14004 --- [MylabSpringBoot] [restartedMain] ConfigServletWebServerApplicationContext : Exception encountered during context initialization - cancelling refresh attempt: org.springframework.beans.factory.UnsatisfiedDependencyException: Error creating bean with name 'bookRestController' defined in file [C:\MyBackend\SpringBoot\MylabSpringBoot\target\classes\com\rookies4\mylabspringboot\controller\BookRestController.class]: Unsatisfied dependency expressed through constructor parameter 0: Error creating bean with name 'bookService' defined in file [C:\MyBackend\SpringBoot\MylabSpringBoot\target\classes\com\rookies4\mylabspringboot\service\BookService.class]: Unsatisfied dependency expressed through constructor parameter 0: Error creating bean with name 'bookRepository' defined in com.rookies4.mylabspringboot.repository.BookRepository defined in @EnableJpaRepositories declared on JpaRepositoriesRegistrar.EnableJpaRepositoriesConfiguration: Could not create query for public abstract java.util.List com.rookies4.mylabspringboot.repository.BookRepository.findByPublisherd(java.lang.Long); Reason: Failed to create query for method public abstract java.util.List com.rookies4.mylabspringboot.repository.BookRepository.findByPublisherd(java.lang.Long); No property 'publisherd' found for type 'Book'; Did you mean 'publisher'
2025-08-29T17:28:10.370+09:00  INFO 14004 --- [MylabSpringBoot] [restartedMain] j.LocalContainerEntityManagerFactoryBean : Closing JPA EntityManagerFactory for persistence unit 'default'
2025-08-29T17:28:10.375+09:00  INFO 14004 --- [MylabSpringBoot] [restartedMain] com.zaxxer.hikari.HikariDataSource       : HikariPool-1 - Shutdown initiated...
2025-08-29T17:28:10.378+09:00  INFO 14004 --- [MylabSpringBoot] [restartedMain] com.zaxxer.hikari.HikariDataSource       : HikariPool-1 - Shutdown completed.
2025-08-29T17:28:10.382+09:00  INFO 14004 --- [MylabSpringBoot] [restartedMain] o.apache.catalina.core.StandardService   : Stopping service [Tomcat]
2025-08-29T17:28:10.399+09:00  INFO 14004 --- [MylabSpringBoot] [restartedMain] .s.b.a.l.ConditionEvaluationReportLogger : 

Error starting ApplicationContext. To display the condition evaluation report re-run your application with 'debug' enabled.
2025-08-29T17:28:10.417+09:00 ERROR 14004 --- [MylabSpringBoot] [restartedMain] o.s.boot.SpringApplication               : Application run failed

org.springframework.beans.factory.UnsatisfiedDependencyException: Error creating bean with name 'bookRestController' defined in file [C:\MyBackend\SpringBoot\MylabSpringBoot\target\classes\com\rookies4\mylabspringboot\controller\BookRestController.class]: Unsatisfied dependency expressed through constructor parameter 0: Error creating bean with name 'bookService' defined in file [C:\MyBackend\SpringBoot\MylabSpringBoot\target\classes\com\rookies4\mylabspringboot\service\BookService.class]: Unsatisfied dependency expressed through constructor parameter 0: Error creating bean with name 'bookRepository' defined in com.rookies4.mylabspringboot.repository.BookRepository defined in @EnableJpaRepositories declared on JpaRepositoriesRegistrar.EnableJpaRepositoriesConfiguration: Could not create query for public abstract java.util.List com.rookies4.mylabspringboot.repository.BookRepository.findByPublisherd(java.lang.Long); Reason: Failed to create query for method public abstract java.util.List com.rookies4.mylabspringboot.repository.BookRepository.findByPublisherd(java.lang.Long); No property 'publisherd' found for type 'Book'; Did you mean 'publisher'
	at org.springframework.beans.factory.support.ConstructorResolver.createArgumentArray(ConstructorResolver.java:804) ~[spring-beans-6.2.9.jar:6.2.9]
	at org.springframework.beans.factory.support.ConstructorResolver.autowireConstructor(ConstructorResolver.java:240) ~[spring-beans-6.2.9.jar:6.2.9]
	at org.springframework.beans.factory.support.AbstractAutowireCapableBeanFactory.autowireConstructor(AbstractAutowireCapableBeanFactory.java:1395) ~[spring-beans-6.2.9.jar:6.2.9]
	at org.springframework.beans.factory.support.AbstractAutowireCapableBeanFactory.createBeanInstance(AbstractAutowireCapableBeanFactory.java:1232) ~[spring-beans-6.2.9.jar:6.2.9]
	at org.springframework.beans.factory.support.AbstractAutowireCapableBeanFactory.doCreateBean(AbstractAutowireCapableBeanFactory.java:569) ~[spring-beans-6.2.9.jar:6.2.9]
	at org.springframework.beans.factory.support.AbstractAutowireCapableBeanFactory.createBean(AbstractAutowireCapableBeanFactory.java:529) ~[spring-beans-6.2.9.jar:6.2.9]
	at org.springframework.beans.factory.support.AbstractBeanFactory.lambda$doGetBean$0(AbstractBeanFactory.java:339) ~[spring-beans-6.2.9.jar:6.2.9]
	at org.springframework.beans.factory.support.DefaultSingletonBeanRegistry.getSingleton(DefaultSingletonBeanRegistry.java:373) ~[spring-beans-6.2.9.jar:6.2.9]
	at org.springframework.beans.factory.support.AbstractBeanFactory.doGetBean(AbstractBeanFactory.java:337) ~[spring-beans-6.2.9.jar:6.2.9]
	at org.springframework.beans.factory.support.AbstractBeanFactory.getBean(AbstractBeanFactory.java:202) ~[spring-beans-6.2.9.jar:6.2.9]
	at org.springframework.beans.factory.support.DefaultListableBeanFactory.instantiateSingleton(DefaultListableBeanFactory.java:1222) ~[spring-beans-6.2.9.jar:6.2.9]
	at org.springframework.beans.factory.support.DefaultListableBeanFactory.preInstantiateSingleton(DefaultListableBeanFactory.java:1188) ~[spring-beans-6.2.9.jar:6.2.9]
	at org.springframework.beans.factory.support.DefaultListableBeanFactory.preInstantiateSingletons(DefaultListableBeanFactory.java:1123) ~[spring-beans-6.2.9.jar:6.2.9]
	at org.springframework.context.support.AbstractApplicationContext.finishBeanFactoryInitialization(AbstractApplicationContext.java:987) ~[spring-context-6.2.9.jar:6.2.9]
	at org.springframework.context.support.AbstractApplicationContext.refresh(AbstractApplicationContext.java:627) ~[spring-context-6.2.9.jar:6.2.9]
	at org.springframework.boot.web.servlet.context.ServletWebServerApplicationContext.refresh(ServletWebServerApplicationContext.java:146) ~[spring-boot-3.4.8.jar:3.4.8]
	at org.springframework.boot.SpringApplication.refresh(SpringApplication.java:752) ~[spring-boot-3.4.8.jar:3.4.8]
	at org.springframework.boot.SpringApplication.refreshContext(SpringApplication.java:439) ~[spring-boot-3.4.8.jar:3.4.8]
	at org.springframework.boot.SpringApplication.run(SpringApplication.java:318) ~[spring-boot-3.4.8.jar:3.4.8]
	at com.rookies4.mylabspringboot.MylabSpringBootApplication.main(MylabSpringBootApplication.java:16) ~[classes/:na]
	at java.base/jdk.internal.reflect.NativeMethodAccessorImpl.invoke0(Native Method) ~[na:na]
	at java.base/jdk.internal.reflect.NativeMethodAccessorImpl.invoke(NativeMethodAccessorImpl.java:77) ~[na:na]
	at java.base/jdk.internal.reflect.DelegatingMethodAccessorImpl.invoke(DelegatingMethodAccessorImpl.java:43) ~[na:na]
	at java.base/java.lang.reflect.Method.invoke(Method.java:568) ~[na:na]
	at org.springframework.boot.devtools.restart.RestartLauncher.run(RestartLauncher.java:50) ~[spring-boot-devtools-3.4.8.jar:3.4.8]
Caused by: org.springframework.beans.factory.UnsatisfiedDependencyException: Error creating bean with name 'bookService' defined in file [C:\MyBackend\SpringBoot\MylabSpringBoot\target\classes\com\rookies4\mylabspringboot\service\BookService.class]: Unsatisfied dependency expressed through constructor parameter 0: Error creating bean with name 'bookRepository' defined in com.rookies4.mylabspringboot.repository.BookRepository defined in @EnableJpaRepositories declared on JpaRepositoriesRegistrar.EnableJpaRepositoriesConfiguration: Could not create query for public abstract java.util.List com.rookies4.mylabspringboot.repository.BookRepository.findByPublisherd(java.lang.Long); Reason: Failed to create query for method public abstract java.util.List com.rookies4.mylabspringboot.repository.BookRepository.findByPublisherd(java.lang.Long); No property 'publisherd' found for type 'Book'; Did you mean 'publisher'
	at org.springframework.beans.factory.support.ConstructorResolver.createArgumentArray(ConstructorResolver.java:804) ~[spring-beans-6.2.9.jar:6.2.9]
	at org.springframework.beans.factory.support.ConstructorResolver.autowireConstructor(ConstructorResolver.java:240) ~[spring-beans-6.2.9.jar:6.2.9]
	at org.springframework.beans.factory.support.AbstractAutowireCapableBeanFactory.autowireConstructor(AbstractAutowireCapableBeanFactory.java:1395) ~[spring-beans-6.2.9.jar:6.2.9]
	at org.springframework.beans.factory.support.AbstractAutowireCapableBeanFactory.createBeanInstance(AbstractAutowireCapableBeanFactory.java:1232) ~[spring-beans-6.2.9.jar:6.2.9]
	at org.springframework.beans.factory.support.AbstractAutowireCapableBeanFactory.doCreateBean(AbstractAutowireCapableBeanFactory.java:569) ~[spring-beans-6.2.9.jar:6.2.9]
	at org.springframework.beans.factory.support.AbstractAutowireCapableBeanFactory.createBean(AbstractAutowireCapableBeanFactory.java:529) ~[spring-beans-6.2.9.jar:6.2.9]
	at org.springframework.beans.factory.support.AbstractBeanFactory.lambda$doGetBean$0(AbstractBeanFactory.java:339) ~[spring-beans-6.2.9.jar:6.2.9]
	at org.springframework.beans.factory.support.DefaultSingletonBeanRegistry.getSingleton(DefaultSingletonBeanRegistry.java:373) ~[spring-beans-6.2.9.jar:6.2.9]
	at org.springframework.beans.factory.support.AbstractBeanFactory.doGetBean(AbstractBeanFactory.java:337) ~[spring-beans-6.2.9.jar:6.2.9]
	at org.springframework.beans.factory.support.AbstractBeanFactory.getBean(AbstractBeanFactory.java:202) ~[spring-beans-6.2.9.jar:6.2.9]
	at org.springframework.beans.factory.support.DefaultListableBeanFactory.doResolveDependency(DefaultListableBeanFactory.java:1683) ~[spring-beans-6.2.9.jar:6.2.9]
	at org.springframework.beans.factory.support.DefaultListableBeanFactory.resolveDependency(DefaultListableBeanFactory.java:1628) ~[spring-beans-6.2.9.jar:6.2.9]
	at org.springframework.beans.factory.support.ConstructorResolver.resolveAutowiredArgument(ConstructorResolver.java:913) ~[spring-beans-6.2.9.jar:6.2.9]
	at org.springframework.beans.factory.support.ConstructorResolver.createArgumentArray(ConstructorResolver.java:791) ~[spring-beans-6.2.9.jar:6.2.9]
	... 24 common frames omitted
Caused by: org.springframework.beans.factory.BeanCreationException: Error creating bean with name 'bookRepository' defined in com.rookies4.mylabspringboot.repository.BookRepository defined in @EnableJpaRepositories declared on JpaRepositoriesRegistrar.EnableJpaRepositoriesConfiguration: Could not create query for public abstract java.util.List com.rookies4.mylabspringboot.repository.BookRepository.findByPublisherd(java.lang.Long); Reason: Failed to create query for method public abstract java.util.List com.rookies4.mylabspringboot.repository.BookRepository.findByPublisherd(java.lang.Long); No property 'publisherd' found for type 'Book'; Did you mean 'publisher'
	at org.springframework.beans.factory.support.AbstractAutowireCapableBeanFactory.initializeBean(AbstractAutowireCapableBeanFactory.java:1826) ~[spring-beans-6.2.9.jar:6.2.9]
	at org.springframework.beans.factory.support.AbstractAutowireCapableBeanFactory.doCreateBean(AbstractAutowireCapableBeanFactory.java:607) ~[spring-beans-6.2.9.jar:6.2.9]
	at org.springframework.beans.factory.support.AbstractAutowireCapableBeanFactory.createBean(AbstractAutowireCapableBeanFactory.java:529) ~[spring-beans-6.2.9.jar:6.2.9]
	at org.springframework.beans.factory.support.AbstractBeanFactory.lambda$doGetBean$0(AbstractBeanFactory.java:339) ~[spring-beans-6.2.9.jar:6.2.9]
	at org.springframework.beans.factory.support.DefaultSingletonBeanRegistry.getSingleton(DefaultSingletonBeanRegistry.java:373) ~[spring-beans-6.2.9.jar:6.2.9]
	at org.springframework.beans.factory.support.AbstractBeanFactory.doGetBean(AbstractBeanFactory.java:337) ~[spring-beans-6.2.9.jar:6.2.9]
	at org.springframework.beans.factory.support.AbstractBeanFactory.getBean(AbstractBeanFactory.java:202) ~[spring-beans-6.2.9.jar:6.2.9]
	at org.springframework.beans.factory.support.DefaultListableBeanFactory.doResolveDependency(DefaultListableBeanFactory.java:1683) ~[spring-beans-6.2.9.jar:6.2.9]
	at org.springframework.beans.factory.support.DefaultListableBeanFactory.resolveDependency(DefaultListableBeanFactory.java:1628) ~[spring-beans-6.2.9.jar:6.2.9]
	at org.springframework.beans.factory.support.ConstructorResolver.resolveAutowiredArgument(ConstructorResolver.java:913) ~[spring-beans-6.2.9.jar:6.2.9]
	at org.springframework.beans.factory.support.ConstructorResolver.createArgumentArray(ConstructorResolver.java:791) ~[spring-beans-6.2.9.jar:6.2.9]
	... 37 common frames omitted
Caused by: org.springframework.data.repository.query.QueryCreationException: Could not create query for public abstract java.util.List com.rookies4.mylabspringboot.repository.BookRepository.findByPublisherd(java.lang.Long); Reason: Failed to create query for method public abstract java.util.List com.rookies4.mylabspringboot.repository.BookRepository.findByPublisherd(java.lang.Long); No property 'publisherd' found for type 'Book'; Did you mean 'publisher'
	at org.springframework.data.repository.query.QueryCreationException.create(QueryCreationException.java:101) ~[spring-data-commons-3.4.8.jar:3.4.8]
	at org.springframework.data.repository.core.support.QueryExecutorMethodInterceptor.lookupQuery(QueryExecutorMethodInterceptor.java:120) ~[spring-data-commons-3.4.8.jar:3.4.8]
	at org.springframework.data.repository.core.support.QueryExecutorMethodInterceptor.mapMethodsToQuery(QueryExecutorMethodInterceptor.java:104) ~[spring-data-commons-3.4.8.jar:3.4.8]
	at org.springframework.data.repository.core.support.QueryExecutorMethodInterceptor.lambda$new$0(QueryExecutorMethodInterceptor.java:92) ~[spring-data-commons-3.4.8.jar:3.4.8]
	at java.base/java.util.Optional.map(Optional.java:260) ~[na:na]
	at org.springframework.data.repository.core.support.QueryExecutorMethodInterceptor.<init>(QueryExecutorMethodInterceptor.java:92) ~[spring-data-commons-3.4.8.jar:3.4.8]
	at org.springframework.data.repository.core.support.RepositoryFactorySupport.getRepository(RepositoryFactorySupport.java:431) ~[spring-data-commons-3.4.8.jar:3.4.8]
	at org.springframework.data.repository.core.support.RepositoryFactoryBeanSupport.lambda$afterPropertiesSet$4(RepositoryFactoryBeanSupport.java:350) ~[spring-data-commons-3.4.8.jar:3.4.8]
	at org.springframework.data.util.Lazy.getNullable(Lazy.java:135) ~[spring-data-commons-3.4.8.jar:3.4.8]
	at org.springframework.data.util.Lazy.get(Lazy.java:113) ~[spring-data-commons-3.4.8.jar:3.4.8]
	at org.springframework.data.repository.core.support.RepositoryFactoryBeanSupport.afterPropertiesSet(RepositoryFactoryBeanSupport.java:356) ~[spring-data-commons-3.4.8.jar:3.4.8]
	at org.springframework.data.jpa.repository.support.JpaRepositoryFactoryBean.afterPropertiesSet(JpaRepositoryFactoryBean.java:132) ~[spring-data-jpa-3.4.8.jar:3.4.8]
	at org.springframework.beans.factory.support.AbstractAutowireCapableBeanFactory.invokeInitMethods(AbstractAutowireCapableBeanFactory.java:1873) ~[spring-beans-6.2.9.jar:6.2.9]
	at org.springframework.beans.factory.support.AbstractAutowireCapableBeanFactory.initializeBean(AbstractAutowireCapableBeanFactory.java:1822) ~[spring-beans-6.2.9.jar:6.2.9]
	... 47 common frames omitted
Caused by: java.lang.IllegalArgumentException: Failed to create query for method public abstract java.util.List com.rookies4.mylabspringboot.repository.BookRepository.findByPublisherd(java.lang.Long); No property 'publisherd' found for type 'Book'; Did you mean 'publisher'
	at org.springframework.data.jpa.repository.query.PartTreeJpaQuery.<init>(PartTreeJpaQuery.java:107) ~[spring-data-jpa-3.4.8.jar:3.4.8]
	at org.springframework.data.jpa.repository.query.JpaQueryLookupStrategy$CreateQueryLookupStrategy.resolveQuery(JpaQueryLookupStrategy.java:128) ~[spring-data-jpa-3.4.8.jar:3.4.8]
	at org.springframework.data.jpa.repository.query.JpaQueryLookupStrategy$CreateIfNotFoundQueryLookupStrategy.resolveQuery(JpaQueryLookupStrategy.java:260) ~[spring-data-jpa-3.4.8.jar:3.4.8]
	at org.springframework.data.jpa.repository.query.JpaQueryLookupStrategy$AbstractQueryLookupStrategy.resolveQuery(JpaQueryLookupStrategy.java:99) ~[spring-data-jpa-3.4.8.jar:3.4.8]
	at org.springframework.data.repository.core.support.QueryExecutorMethodInterceptor.lookupQuery(QueryExecutorMethodInterceptor.java:116) ~[spring-data-commons-3.4.8.jar:3.4.8]
	... 59 common frames omitted
Caused by: org.springframework.data.mapping.PropertyReferenceException: No property 'publisherd' found for type 'Book'; Did you mean 'publisher'
	at org.springframework.data.mapping.PropertyPath.<init>(PropertyPath.java:94) ~[spring-data-commons-3.4.8.jar:3.4.8]
	at org.springframework.data.mapping.PropertyPath.create(PropertyPath.java:455) ~[spring-data-commons-3.4.8.jar:3.4.8]
	at org.springframework.data.mapping.PropertyPath.create(PropertyPath.java:431) ~[spring-data-commons-3.4.8.jar:3.4.8]
	at org.springframework.data.mapping.PropertyPath.lambda$from$0(PropertyPath.java:384) ~[spring-data-commons-3.4.8.jar:3.4.8]
	at java.base/java.util.concurrent.ConcurrentMap.computeIfAbsent(ConcurrentMap.java:330) ~[na:na]
	at org.springframework.data.mapping.PropertyPath.from(PropertyPath.java:366) ~[spring-data-commons-3.4.8.jar:3.4.8]
	at org.springframework.data.mapping.PropertyPath.from(PropertyPath.java:344) ~[spring-data-commons-3.4.8.jar:3.4.8]
	at org.springframework.data.repository.query.parser.Part.<init>(Part.java:81) ~[spring-data-commons-3.4.8.jar:3.4.8]
	at org.springframework.data.repository.query.parser.PartTree$OrPart.lambda$new$0(PartTree.java:259) ~[spring-data-commons-3.4.8.jar:3.4.8]
	at java.base/java.util.stream.ReferencePipeline$3$1.accept(ReferencePipeline.java:197) ~[na:na]
	at java.base/java.util.stream.ReferencePipeline$2$1.accept(ReferencePipeline.java:179) ~[na:na]
	at java.base/java.util.Spliterators$ArraySpliterator.forEachRemaining(Spliterators.java:992) ~[na:na]
	at java.base/java.util.stream.AbstractPipeline.copyInto(AbstractPipeline.java:509) ~[na:na]
	at java.base/java.util.stream.AbstractPipeline.wrapAndCopyInto(AbstractPipeline.java:499) ~[na:na]
	at java.base/java.util.stream.ReduceOps$ReduceOp.evaluateSequential(ReduceOps.java:921) ~[na:na]
	at java.base/java.util.stream.AbstractPipeline.evaluate(AbstractPipeline.java:234) ~[na:na]
	at java.base/java.util.stream.ReferencePipeline.collect(ReferencePipeline.java:682) ~[na:na]
	at org.springframework.data.repository.query.parser.PartTree$OrPart.<init>(PartTree.java:260) ~[spring-data-commons-3.4.8.jar:3.4.8]
	at org.springframework.data.repository.query.parser.PartTree$Predicate.lambda$new$0(PartTree.java:389) ~[spring-data-commons-3.4.8.jar:3.4.8]
	at java.base/java.util.stream.ReferencePipeline$3$1.accept(ReferencePipeline.java:197) ~[na:na]
	at java.base/java.util.stream.ReferencePipeline$2$1.accept(ReferencePipeline.java:179) ~[na:na]
	at java.base/java.util.Spliterators$ArraySpliterator.forEachRemaining(Spliterators.java:992) ~[na:na]
	at java.base/java.util.stream.AbstractPipeline.copyInto(AbstractPipeline.java:509) ~[na:na]
	at java.base/java.util.stream.AbstractPipeline.wrapAndCopyInto(AbstractPipeline.java:499) ~[na:na]
	at java.base/java.util.stream.ReduceOps$ReduceOp.evaluateSequential(ReduceOps.java:921) ~[na:na]
	at java.base/java.util.stream.AbstractPipeline.evaluate(AbstractPipeline.java:234) ~[na:na]
	at java.base/java.util.stream.ReferencePipeline.collect(ReferencePipeline.java:682) ~[na:na]
	at org.springframework.data.repository.query.parser.PartTree$Predicate.<init>(PartTree.java:390) ~[spring-data-commons-3.4.8.jar:3.4.8]
	at org.springframework.data.repository.query.parser.PartTree.<init>(PartTree.java:103) ~[spring-data-commons-3.4.8.jar:3.4.8]
	at org.springframework.data.jpa.repository.query.PartTreeJpaQuery.<init>(PartTreeJpaQuery.java:101) ~[spring-data-jpa-3.4.8.jar:3.4.8]
	... 63 common frames omitted

2025-08-29T17:31:12.589+09:00  INFO 20768 --- [MylabSpringBoot] [restartedMain] c.r.m.MylabSpringBootApplication         : Starting MylabSpringBootApplication using Java 17.0.2 with PID 20768 (C:\MyBackend\SpringBoot\MylabSpringBoot\target\classes started by user in C:\MyBackend\SpringBoot\MylabSpringBoot)
2025-08-29T17:31:12.592+09:00  INFO 20768 --- [MylabSpringBoot] [restartedMain] c.r.m.MylabSpringBootApplication         : The following 1 profile is active: "prod"
2025-08-29T17:31:12.640+09:00  INFO 20768 --- [MylabSpringBoot] [restartedMain] .e.DevToolsPropertyDefaultsPostProcessor : Devtools property defaults active! Set 'spring.devtools.add-properties' to 'false' to disable
2025-08-29T17:31:12.640+09:00  INFO 20768 --- [MylabSpringBoot] [restartedMain] .e.DevToolsPropertyDefaultsPostProcessor : For additional web related logging consider setting the 'logging.level.web' property to 'DEBUG'
2025-08-29T17:31:13.581+09:00  INFO 20768 --- [MylabSpringBoot] [restartedMain] .s.d.r.c.RepositoryConfigurationDelegate : Bootstrapping Spring Data JPA repositories in DEFAULT mode.
2025-08-29T17:31:13.649+09:00  INFO 20768 --- [MylabSpringBoot] [restartedMain] .s.d.r.c.RepositoryConfigurationDelegate : Finished Spring Data repository scanning in 59 ms. Found 3 JPA repository interfaces.
2025-08-29T17:31:14.267+09:00  INFO 20768 --- [MylabSpringBoot] [restartedMain] o.s.b.w.embedded.tomcat.TomcatWebServer  : Tomcat initialized with port 8080 (http)
2025-08-29T17:31:14.286+09:00  INFO 20768 --- [MylabSpringBoot] [restartedMain] o.apache.catalina.core.StandardService   : Starting service [Tomcat]
2025-08-29T17:31:14.286+09:00  INFO 20768 --- [MylabSpringBoot] [restartedMain] o.apache.catalina.core.StandardEngine    : Starting Servlet engine: [Apache Tomcat/10.1.43]
2025-08-29T17:31:14.331+09:00  INFO 20768 --- [MylabSpringBoot] [restartedMain] o.a.c.c.C.[Tomcat].[localhost].[/]       : Initializing Spring embedded WebApplicationContext
2025-08-29T17:31:14.331+09:00  INFO 20768 --- [MylabSpringBoot] [restartedMain] w.s.c.ServletWebServerApplicationContext : Root WebApplicationContext: initialization completed in 1691 ms
2025-08-29T17:31:14.588+09:00  INFO 20768 --- [MylabSpringBoot] [restartedMain] o.hibernate.jpa.internal.util.LogHelper  : HHH000204: Processing PersistenceUnitInfo [name: default]
2025-08-29T17:31:14.660+09:00  INFO 20768 --- [MylabSpringBoot] [restartedMain] org.hibernate.Version                    : HHH000412: Hibernate ORM core version 6.6.22.Final
2025-08-29T17:31:14.696+09:00  INFO 20768 --- [MylabSpringBoot] [restartedMain] o.h.c.internal.RegionFactoryInitiator    : HHH000026: Second-level cache disabled
2025-08-29T17:31:14.966+09:00  INFO 20768 --- [MylabSpringBoot] [restartedMain] o.s.o.j.p.SpringPersistenceUnitInfo      : No LoadTimeWeaver setup: ignoring JPA class transformer
2025-08-29T17:31:14.986+09:00  INFO 20768 --- [MylabSpringBoot] [restartedMain] com.zaxxer.hikari.HikariDataSource       : HikariPool-1 - Starting...
2025-08-29T17:31:15.036+09:00  INFO 20768 --- [MylabSpringBoot] [restartedMain] com.zaxxer.hikari.pool.HikariPool        : HikariPool-1 - Added connection org.mariadb.jdbc.Connection@25fc622f
2025-08-29T17:31:15.036+09:00  INFO 20768 --- [MylabSpringBoot] [restartedMain] com.zaxxer.hikari.HikariDataSource       : HikariPool-1 - Start completed.
2025-08-29T17:31:15.071+09:00  WARN 20768 --- [MylabSpringBoot] [restartedMain] org.hibernate.orm.deprecation            : HHH90000025: MariaDBDialect does not need to be specified explicitly using 'hibernate.dialect' (remove the property setting and it will be selected by default)
2025-08-29T17:31:15.089+09:00  INFO 20768 --- [MylabSpringBoot] [restartedMain] org.hibernate.orm.connections.pooling    : HHH10001005: Database info:
	Database JDBC URL [Connecting through datasource 'HikariDataSource (HikariPool-1)']
	Database driver: undefined/unknown
	Database version: 10.11.5
	Autocommit mode: undefined/unknown
	Isolation level: undefined/unknown
	Minimum pool size: undefined/unknown
	Maximum pool size: undefined/unknown
2025-08-29T17:31:15.744+09:00  INFO 20768 --- [MylabSpringBoot] [restartedMain] o.h.e.t.j.p.i.JtaPlatformInitiator       : HHH000489: No JTA platform available (set 'hibernate.transaction.jta.platform' to enable JTA platform integration)
2025-08-29T17:31:15.806+09:00  INFO 20768 --- [MylabSpringBoot] [restartedMain] j.LocalContainerEntityManagerFactoryBean : Initialized JPA EntityManagerFactory for persistence unit 'default'
2025-08-29T17:31:16.147+09:00  INFO 20768 --- [MylabSpringBoot] [restartedMain] o.s.d.j.r.query.QueryEnhancerFactory     : Hibernate is in classpath; If applicable, HQL parser will be used.
2025-08-29T17:31:16.606+09:00  WARN 20768 --- [MylabSpringBoot] [restartedMain] JpaBaseConfiguration$JpaWebConfiguration : spring.jpa.open-in-view is enabled by default. Therefore, database queries may be performed during view rendering. Explicitly configure spring.jpa.open-in-view to disable this warning
2025-08-29T17:31:16.868+09:00  WARN 20768 --- [MylabSpringBoot] [restartedMain] ion$DefaultTemplateResolverConfiguration : Cannot find template location: classpath:/templates/ (please add some templates, check your Thymeleaf configuration, or set spring.thymeleaf.check-template-location=false)
2025-08-29T17:31:17.086+09:00  INFO 20768 --- [MylabSpringBoot] [restartedMain] o.s.b.a.h2.H2ConsoleAutoConfiguration    : H2 console available at '/h2-console'. Database available at 'jdbc:mariadb://127.0.0.1/lab_db?user=lab&password=***'
2025-08-29T17:31:17.137+09:00  INFO 20768 --- [MylabSpringBoot] [restartedMain] o.s.b.d.a.OptionalLiveReloadServer       : LiveReload server is running on port 35729
2025-08-29T17:31:17.137+09:00  INFO 20768 --- [MylabSpringBoot] [restartedMain] o.s.b.a.e.web.EndpointLinksResolver      : Exposing 1 endpoint beneath base path '/actuator'
2025-08-29T17:31:17.231+09:00  INFO 20768 --- [MylabSpringBoot] [restartedMain] o.s.b.w.embedded.tomcat.TomcatWebServer  : Tomcat started on port 8080 (http) with context path '/'
2025-08-29T17:31:17.242+09:00  INFO 20768 --- [MylabSpringBoot] [restartedMain] c.r.m.MylabSpringBootApplication         : Started MylabSpringBootApplication in 5.079 seconds (process running for 5.406)
2025-08-29T17:31:17.280+09:00  INFO 20768 --- [MylabSpringBoot] [restartedMain] c.r.mylabspringboot.runner.MyPropRunner  : 2. 환경변수를 저장하고 조회하는 Properties 클래스 작성
2025-08-29T17:31:17.280+09:00  INFO 20768 --- [MylabSpringBoot] [restartedMain] c.r.mylabspringboot.runner.MyPropRunner  : myprop.uername = springboot PROD
2025-08-29T17:31:17.280+09:00  INFO 20768 --- [MylabSpringBoot] [restartedMain] c.r.mylabspringboot.runner.MyPropRunner  : myprop.port =87 
2025-08-29T17:31:17.280+09:00  INFO 20768 --- [MylabSpringBoot] [restartedMain] c.r.mylabspringboot.runner.MyPropRunner  : 3.ProdConfig 클래스와 DevConfig 클래스 작성
2025-08-29T17:31:17.280+09:00  INFO 20768 --- [MylabSpringBoot] [restartedMain] c.r.mylabspringboot.runner.MyPropRunner  : 현재 활성화된 MyEnvironment() : MyEnvironment(mode=개발환경)
2025-08-29T17:34:48.383+09:00  INFO 20768 --- [MylabSpringBoot] [http-nio-8080-exec-1] o.a.c.c.C.[Tomcat].[localhost].[/]       : Initializing Spring DispatcherServlet 'dispatcherServlet'
2025-08-29T17:34:48.383+09:00  INFO 20768 --- [MylabSpringBoot] [http-nio-8080-exec-1] o.s.web.servlet.DispatcherServlet        : Initializing Servlet 'dispatcherServlet'
2025-08-29T17:34:48.384+09:00  INFO 20768 --- [MylabSpringBoot] [http-nio-8080-exec-1] o.s.web.servlet.DispatcherServlet        : Completed initialization in 1 ms
2025-08-29T19:06:50.477+09:00  INFO 20768 --- [MylabSpringBoot] [SpringApplicationShutdownHook] o.s.b.w.e.tomcat.GracefulShutdown        : Commencing graceful shutdown. Waiting for active requests to complete
2025-08-29T19:06:50.582+09:00  INFO 20768 --- [MylabSpringBoot] [tomcat-shutdown] o.s.b.w.e.tomcat.GracefulShutdown        : Graceful shutdown complete
2025-08-29T19:06:50.582+09:00  INFO 20768 --- [MylabSpringBoot] [SpringApplicationShutdownHook] j.LocalContainerEntityManagerFactoryBean : Closing JPA EntityManagerFactory for persistence unit 'default'
2025-08-29T19:06:50.582+09:00  INFO 20768 --- [MylabSpringBoot] [SpringApplicationShutdownHook] com.zaxxer.hikari.HikariDataSource       : HikariPool-1 - Shutdown initiated...
2025-08-29T19:06:50.582+09:00  INFO 20768 --- [MylabSpringBoot] [SpringApplicationShutdownHook] com.zaxxer.hikari.HikariDataSource       : HikariPool-1 - Shutdown completed.
